2025-07-21 10:38:07 Loading main app package /tmp/.mount_Obsidi2hWVvy/resources/obsidian.asar
2025-07-21 10:38:07 Checking for update using Github
2025-07-21 10:38:08 Success.
2025-07-21 10:38:08 Latest version is 1.8.10
2025-07-21 10:38:08 App is up to date.
2025-07-22 05:45:05 Loading main app package /tmp/.mount_ObsidiADN11N/resources/obsidian.asar
2025-07-22 05:45:07 Checking for update using Github
2025-07-22 05:45:08 Success.
2025-07-22 05:45:08 Latest version is 1.8.10
2025-07-22 05:45:08 App is up to date.
2025-07-22 06:45:05 Checking for update using Github
2025-07-22 06:49:05 Failed to check for update using Github (net::ERR_TIMED_OUT)
2025-07-22 06:49:05 Checking for update using obsidian.md
2025-07-22 06:49:05 Failed to check for update using obsidian.md (net::ERR_TIMED_OUT)
2025-07-22 07:45:05 Checking for update using Github
2025-07-22 07:45:05 Success.
2025-07-22 07:45:05 Latest version is 1.8.10
2025-07-22 07:45:05 App is up to date.
2025-07-22 08:45:05 Checking for update using Github
2025-07-22 08:45:05 Success.
2025-07-22 08:45:05 Latest version is 1.8.10
2025-07-22 08:45:05 App is up to date.
2025-07-22 09:45:05 Checking for update using Github
2025-07-22 09:49:05 Failed to check for update using Github (net::ERR_TIMED_OUT)
2025-07-22 09:49:05 Checking for update using obsidian.md
2025-07-22 09:49:05 Failed to check for update using obsidian.md (net::ERR_TIMED_OUT)
2025-07-22 10:45:05 Checking for update using Github
2025-07-22 10:45:05 Success.
2025-07-22 10:45:05 Latest version is 1.8.10
2025-07-22 10:45:05 App is up to date.
2025-07-22 11:45:05 Checking for update using Github
2025-07-22 11:45:05 Success.
2025-07-22 11:45:05 Latest version is 1.8.10
2025-07-22 11:45:05 App is up to date.
2025-07-22 12:45:05 Checking for update using Github
2025-07-22 12:49:05 Failed to check for update using Github (net::ERR_TIMED_OUT)
2025-07-22 12:49:05 Checking for update using obsidian.md
2025-07-22 12:49:05 Failed to check for update using obsidian.md (net::ERR_TIMED_OUT)
2025-07-22 13:45:05 Checking for update using Github
2025-07-22 13:47:38 Success.
2025-07-22 13:47:38 Latest version is 1.8.10
2025-07-22 13:47:38 App is up to date.
2025-07-22 14:45:05 Checking for update using Github
2025-07-22 14:45:05 Success.
2025-07-22 14:45:05 Latest version is 1.8.10
2025-07-22 14:45:05 App is up to date.
2025-07-22 15:45:05 Checking for update using Github
2025-07-22 15:49:05 Failed to check for update using Github (net::ERR_TIMED_OUT)
2025-07-22 15:49:05 Checking for update using obsidian.md
2025-07-22 15:49:05 Failed to check for update using obsidian.md (net::ERR_TIMED_OUT)
2025-07-22 16:45:05 Checking for update using Github
2025-07-22 16:49:05 Failed to check for update using Github (net::ERR_TIMED_OUT)
2025-07-22 16:49:05 Checking for update using obsidian.md
2025-07-22 16:49:05 Failed to check for update using obsidian.md (net::ERR_TIMED_OUT)
2025-07-22 17:45:05 Checking for update using Github
2025-07-22 17:47:41 Success.
2025-07-22 17:47:41 Latest version is 1.8.10
2025-07-22 17:47:41 App is up to date.
2025-07-22 18:45:05 Checking for update using Github
2025-07-22 18:49:05 Failed to check for update using Github (net::ERR_TIMED_OUT)
2025-07-22 18:49:05 Checking for update using obsidian.md
2025-07-22 18:49:05 Failed to check for update using obsidian.md (net::ERR_TIMED_OUT)
2025-07-22 19:45:05 Checking for update using Github
2025-07-22 19:49:05 Failed to check for update using Github (net::ERR_TIMED_OUT)
2025-07-22 19:49:05 Checking for update using obsidian.md
2025-07-22 19:49:05 Failed to check for update using obsidian.md (net::ERR_TIMED_OUT)
2025-07-22 20:45:05 Checking for update using Github
2025-07-22 20:45:05 Success.
2025-07-22 20:45:05 Latest version is 1.8.10
2025-07-22 20:45:05 App is up to date.
2025-07-22 21:45:05 Checking for update using Github
2025-07-22 21:49:05 Failed to check for update using Github (net::ERR_TIMED_OUT)
2025-07-22 21:49:05 Checking for update using obsidian.md
2025-07-22 21:49:05 Failed to check for update using obsidian.md (net::ERR_TIMED_OUT)
2025-07-25 01:54:01 Loading main app package /tmp/.mount_ObsidiCksvVF/resources/obsidian.asar
2025-07-25 01:54:04 Checking for update using Github
2025-07-25 01:54:05 Success.
2025-07-25 01:54:05 Latest version is 1.8.10
2025-07-25 01:54:05 App is up to date.
2025-07-25 22:52:03 Loading main app package /tmp/.mount_ObsidigYnKil/resources/obsidian.asar
2025-07-25 22:52:05 Checking for update using Github
2025-07-25 22:52:06 Success.
2025-07-25 22:52:06 Latest version is 1.8.10
2025-07-25 22:52:06 App is up to date.
2025-07-25 23:52:03 Checking for update using Github
2025-07-25 23:52:04 Success.
2025-07-25 23:52:04 Latest version is 1.8.10
2025-07-25 23:52:04 App is up to date.
2025-07-26 05:20:15 Loading main app package /tmp/.mount_ObsidipRxOId/resources/obsidian.asar
2025-07-26 05:20:16 Checking for update using Github
2025-07-26 05:20:16 Success.
2025-07-26 05:20:16 Latest version is 1.8.10
2025-07-26 05:20:16 App is up to date.
2025-07-26 06:20:15 Checking for update using Github
2025-07-26 06:20:16 Success.
2025-07-26 06:20:16 Latest version is 1.8.10
2025-07-26 06:20:16 App is up to date.
2025-07-26 07:20:15 Checking for update using Github
2025-07-26 07:20:16 Success.
2025-07-26 07:20:16 Latest version is 1.8.10
2025-07-26 07:20:16 App is up to date.
2025-07-26 08:20:15 Checking for update using Github
2025-07-26 08:20:16 Success.
2025-07-26 08:20:16 Latest version is 1.8.10
2025-07-26 08:20:16 App is up to date.
2025-07-26 09:20:15 Checking for update using Github
2025-07-26 09:20:16 Success.
2025-07-26 09:20:16 Latest version is 1.8.10
2025-07-26 09:20:16 App is up to date.
2025-07-26 10:20:15 Checking for update using Github
2025-07-26 10:24:16 Failed to check for update using Github (net::ERR_TIMED_OUT)
2025-07-26 10:24:16 Checking for update using obsidian.md
2025-07-26 10:24:16 Failed to check for update using obsidian.md (net::ERR_TIMED_OUT)
2025-07-28 16:38:03 Loading main app package /tmp/.mount_ObsidiZuBGIT/resources/obsidian.asar
2025-07-28 16:38:20 Loading main app package /tmp/.mount_ObsidigrEzm0/resources/obsidian.asar
2025-07-28 16:39:10 Loading main app package /tmp/.mount_Obsidib6GbGV/resources/obsidian.asar
2025-07-28 16:39:22 Loading main app package /tmp/.mount_ObsidihTTRDF/resources/obsidian.asar
2025-07-28 16:40:39 Loading main app package /tmp/.mount_ObsidiPTkIvB/resources/obsidian.asar
2025-07-28 16:45:00 Loading main app package /tmp/.mount_ObsidiiBgub3/resources/obsidian.asar
2025-07-28 16:48:23 Loading main app package /tmp/.mount_Obsidi5vggfm/resources/obsidian.asar
2025-07-28 16:49:41 Loading main app package /tmp/.mount_ObsidiFEA2fs/resources/obsidian.asar
2025-07-28 16:49:42 Checking for update using Github
2025-07-28 16:49:42 Success.
2025-07-28 16:49:42 Latest version is 1.8.10
2025-07-28 16:49:42 App is up to date.
2025-07-28 16:50:24 Loading main app package /tmp/.mount_ObsidiyhyW99/resources/obsidian.asar
2025-07-28 16:50:35 Loading main app package /tmp/.mount_ObsidiZO6COz/resources/obsidian.asar
2025-07-28 16:56:52 Loading main app package /tmp/.mount_Obsidi2STuP6/resources/obsidian.asar
2025-07-28 17:02:48 Loading main app package /tmp/.mount_ObsidiCu74ly/resources/obsidian.asar
2025-07-28 17:02:48 Checking for update using Github
2025-07-28 17:04:00 Loading main app package /tmp/.mount_ObsidiR8jB8I/resources/obsidian.asar
2025-07-28 17:04:01 Checking for update using Github
2025-07-28 17:04:37 Success.
2025-07-28 17:04:37 Latest version is 1.8.10
2025-07-28 17:04:37 Downloading update from https://github.com/obsidianmd/obsidian-releases/releases/download/v1.8.10/obsidian-1.8.10.asar.gz
2025-07-28 17:04:40 Verifying hash & signature. Size= 8128788
2025-07-28 17:04:41 Saving file
2025-07-28 17:04:41 Update complete.
2025-07-28 18:47:58 Loading updated app package /home/sstf/.config/obsidian/obsidian-1.8.10.asar
2025-07-28 18:47:59 Checking for update using Github
2025-07-28 18:47:59 Success.
2025-07-28 18:47:59 Latest version is 1.8.10
2025-07-28 18:47:59 App is up to date.
2025-07-28 19:47:58 Checking for update using Github
2025-07-28 19:51:21 Success.
2025-07-28 19:51:21 Latest version is 1.8.10
2025-07-28 19:51:21 App is up to date.
2025-07-28 20:47:58 Checking for update using Github
2025-07-28 20:47:59 Success.
2025-07-28 20:47:59 Latest version is 1.8.10
2025-07-28 20:47:59 App is up to date.
2025-07-28 21:47:58 Checking for update using Github
2025-07-28 21:47:59 Success.
2025-07-28 21:47:59 Latest version is 1.8.10
2025-07-28 21:47:59 App is up to date.
2025-07-28 22:47:59 Checking for update using Github
2025-07-28 22:47:59 Success.
2025-07-28 22:47:59 Latest version is 1.8.10
2025-07-28 22:47:59 App is up to date.
2025-07-28 23:47:59 Checking for update using Github
2025-07-28 23:47:59 Success.
2025-07-28 23:47:59 Latest version is 1.8.10
2025-07-28 23:47:59 App is up to date.
2025-07-29 00:47:59 Checking for update using Github
2025-07-29 00:47:59 Success.
2025-07-29 00:47:59 Latest version is 1.8.10
2025-07-29 00:47:59 App is up to date.
2025-07-29 01:47:59 Checking for update using Github
2025-07-29 01:50:51 Success.
2025-07-29 01:50:51 Latest version is 1.8.10
2025-07-29 01:50:51 App is up to date.
2025-07-29 02:47:59 Checking for update using Github
2025-07-29 02:51:59 Failed to check for update using Github (net::ERR_TIMED_OUT)
2025-07-29 02:51:59 Checking for update using obsidian.md
2025-07-29 02:51:59 Failed to check for update using obsidian.md (net::ERR_TIMED_OUT)
2025-07-30 23:29:08 Loading updated app package /home/sstf/.config/obsidian/obsidian-1.8.10.asar
2025-07-30 23:29:10 Checking for update using Github
2025-07-30 23:29:10 Success.
2025-07-30 23:29:10 Latest version is 1.8.10
2025-07-30 23:29:10 App is up to date.
2025-07-31 00:29:08 Checking for update using Github
2025-07-31 00:33:08 Failed to check for update using Github (net::ERR_TIMED_OUT)
2025-07-31 00:33:08 Checking for update using obsidian.md
2025-07-31 00:33:08 Failed to check for update using obsidian.md (net::ERR_TIMED_OUT)
2025-07-31 01:29:08 Checking for update using Github
2025-07-31 01:29:08 Success.
2025-07-31 01:29:08 Latest version is 1.8.10
2025-07-31 01:29:08 App is up to date.
2025-07-31 02:29:08 Checking for update using Github
2025-07-31 02:29:08 Success.
2025-07-31 02:29:08 Latest version is 1.8.10
2025-07-31 02:29:08 App is up to date.
2025-07-31 03:29:08 Checking for update using Github
2025-07-31 03:33:23 Failed to check for update using Github (net::ERR_TIMED_OUT)
2025-07-31 03:33:23 Checking for update using obsidian.md
2025-07-31 03:37:23 Failed to check for update using obsidian.md (net::ERR_TIMED_OUT)
2025-07-31 04:29:08 Checking for update using Github
2025-07-31 04:33:08 Failed to check for update using Github (net::ERR_TIMED_OUT)
2025-07-31 04:33:08 Checking for update using obsidian.md
2025-07-31 04:33:09 Failed to check for update using obsidian.md (net::ERR_TIMED_OUT)
2025-07-31 05:29:08 Checking for update using Github
2025-07-31 05:29:09 Success.
2025-07-31 05:29:09 Latest version is 1.8.10
2025-07-31 05:29:09 App is up to date.
2025-07-31 06:29:08 Checking for update using Github
2025-07-31 06:33:09 Failed to check for update using Github (net::ERR_TIMED_OUT)
2025-07-31 06:33:09 Checking for update using obsidian.md
2025-07-31 06:33:09 Failed to check for update using obsidian.md (net::ERR_TIMED_OUT)
2025-08-01 04:10:19 Loading updated app package /home/sstf/.config/obsidian/obsidian-1.8.10.asar
2025-08-01 04:10:39 Loading updated app package /home/sstf/.config/obsidian/obsidian-1.8.10.asar
2025-08-01 04:10:40 Checking for update using Github
2025-08-01 04:10:41 Success.
2025-08-01 04:10:41 Latest version is 1.8.10
2025-08-01 04:10:41 App is up to date.
2025-08-01 17:14:44 Loading updated app package /home/sstf/.config/obsidian/obsidian-1.8.10.asar
2025-08-01 17:14:46 Checking for update using Github
2025-08-01 17:14:47 Success.
2025-08-01 17:14:47 Latest version is 1.8.10
2025-08-01 17:14:47 App is up to date.
2025-08-03 02:37:01 Loading updated app package /home/sstf/.config/obsidian/obsidian-1.8.10.asar
2025-08-03 02:37:03 Checking for update using Github
2025-08-03 02:37:03 Success.
2025-08-03 02:37:03 Latest version is 1.8.10
2025-08-03 02:37:03 App is up to date.
2025-08-03 03:37:01 Checking for update using Github
2025-08-03 03:41:01 Failed to check for update using Github (net::ERR_TIMED_OUT)
2025-08-03 03:41:01 Checking for update using obsidian.md
2025-08-03 03:41:01 Failed to check for update using obsidian.md (net::ERR_TIMED_OUT)
2025-08-03 04:37:01 Checking for update using Github
2025-08-03 04:37:01 Success.
2025-08-03 04:37:01 Latest version is 1.8.10
2025-08-03 04:37:01 App is up to date.
2025-08-03 05:37:01 Checking for update using Github
2025-08-03 05:41:01 Failed to check for update using Github (net::ERR_TIMED_OUT)
2025-08-03 05:41:01 Checking for update using obsidian.md
2025-08-03 05:41:02 Failed to check for update using obsidian.md (net::ERR_TIMED_OUT)
2025-08-03 06:37:01 Checking for update using Github
2025-08-03 06:37:01 Success.
2025-08-03 06:37:01 Latest version is 1.8.10
2025-08-03 06:37:01 App is up to date.
2025-08-04 02:38:10 Loading updated app package /home/sstf/.config/obsidian/obsidian-1.8.10.asar
2025-08-04 02:38:49 Loading updated app package /home/sstf/.config/obsidian/obsidian-1.8.10.asar
2025-08-04 02:38:51 Checking for update using Github
2025-08-04 02:38:52 Success.
2025-08-04 02:38:52 Latest version is 1.8.10
2025-08-04 02:38:52 App is up to date.
2025-08-04 03:07:21 Loading updated app package /home/sstf/.config/obsidian/obsidian-1.8.10.asar
2025-08-04 03:07:33 Loading updated app package /home/sstf/.config/obsidian/obsidian-1.8.10.asar
2025-08-04 03:07:33 Checking for update using Github
2025-08-04 03:11:33 Failed to check for update using Github (net::ERR_TIMED_OUT)
2025-08-04 03:11:33 Checking for update using obsidian.md
2025-08-04 03:11:34 Failed to check for update using obsidian.md (net::ERR_TIMED_OUT)
2025-08-04 05:12:34 Loading updated app package /home/sstf/.config/obsidian/obsidian-1.8.10.asar
2025-08-04 05:12:36 Checking for update using Github
2025-08-04 05:12:37 Success.
2025-08-04 05:12:37 Latest version is 1.8.10
2025-08-04 05:12:37 App is up to date.
2025-08-04 05:20:06 Loading updated app package /home/sstf/.config/obsidian/obsidian-1.8.10.asar
2025-08-04 05:20:07 Checking for update using Github
2025-08-04 05:20:07 Success.
2025-08-04 05:20:07 Latest version is 1.8.10
2025-08-04 05:20:07 App is up to date.
2025-08-04 20:42:34 Loading updated app package /home/sstf/.config/obsidian/obsidian-1.8.10.asar
2025-08-04 20:42:35 Checking for update using Github
2025-08-04 20:46:35 Failed to check for update using Github (net::ERR_TIMED_OUT)
2025-08-04 20:46:35 Checking for update using obsidian.md
2025-08-04 20:46:36 Failed to check for update using obsidian.md (net::ERR_TIMED_OUT)
2025-08-04 22:41:35 Loading updated app package /home/sstf/.config/obsidian/obsidian-1.8.10.asar
2025-08-04 22:41:35 Checking for update using Github
2025-08-04 22:41:36 Success.
2025-08-04 22:41:36 Latest version is 1.8.10
2025-08-04 22:41:36 App is up to date.
2025-08-04 23:41:35 Checking for update using Github
2025-08-04 23:41:35 Success.
2025-08-04 23:41:35 Latest version is 1.8.10
2025-08-04 23:41:35 App is up to date.
2025-08-05 00:41:35 Checking for update using Github
2025-08-05 00:41:35 Success.
2025-08-05 00:41:35 Latest version is 1.8.10
2025-08-05 00:41:35 App is up to date.
2025-08-05 01:41:35 Checking for update using Github
2025-08-05 01:45:35 Failed to check for update using Github (net::ERR_TIMED_OUT)
2025-08-05 01:45:35 Checking for update using obsidian.md
2025-08-05 01:45:35 Failed to check for update using obsidian.md (net::ERR_TIMED_OUT)
2025-08-05 02:41:35 Checking for update using Github
2025-08-05 02:41:35 Success.
2025-08-05 02:41:35 Latest version is 1.8.10
2025-08-05 02:41:35 App is up to date.
2025-08-05 03:03:11 Loading updated app package /home/sstf/.config/obsidian/obsidian-1.8.10.asar
2025-08-05 03:03:12 Checking for update using Github
2025-08-05 03:03:12 Success.
2025-08-05 03:03:12 Latest version is 1.8.10
2025-08-05 03:03:12 App is up to date.
2025-08-05 03:10:58 Loading updated app package /home/sstf/.config/obsidian/obsidian-1.8.10.asar
2025-08-05 03:10:59 Checking for update using Github
2025-08-05 03:14:59 Failed to check for update using Github (net::ERR_TIMED_OUT)
2025-08-05 03:14:59 Checking for update using obsidian.md
2025-08-05 03:14:59 Failed to check for update using obsidian.md (net::ERR_TIMED_OUT)
2025-08-05 03:41:59 Loading updated app package /home/sstf/.config/obsidian/obsidian-1.8.10.asar
2025-08-05 03:42:01 Checking for update using Github
2025-08-05 03:42:02 Success.
2025-08-05 03:42:02 Latest version is 1.8.10
2025-08-05 03:42:02 App is up to date.
2025-08-05 04:41:59 Checking for update using Github
2025-08-05 04:42:14 Failed to check for update using Github (net::ERR_ADDRESS_UNREACHABLE)
2025-08-05 04:42:14 Checking for update using obsidian.md
2025-08-05 04:42:14 Failed to check for update using obsidian.md (net::ERR_ADDRESS_UNREACHABLE)
2025-08-05 05:41:59 Checking for update using Github
2025-08-05 05:41:59 Success.
2025-08-05 05:41:59 Latest version is 1.8.10
2025-08-05 05:41:59 App is up to date.
2025-08-05 18:16:58 Loading updated app package /home/sstf/.config/obsidian/obsidian-1.8.10.asar
2025-08-05 18:30:14 Loading updated app package /home/sstf/.config/obsidian/obsidian-1.8.10.asar
2025-08-05 18:30:31 Loading updated app package /home/sstf/.config/obsidian/obsidian-1.8.10.asar
2025-08-05 18:30:40 Loading updated app package /home/sstf/.config/obsidian/obsidian-1.8.10.asar
2025-08-05 18:30:57 Loading updated app package /home/sstf/.config/obsidian/obsidian-1.8.10.asar
2025-08-05 18:30:58 Checking for update using Github
2025-08-05 18:30:59 Success.
2025-08-05 18:30:59 Latest version is 1.8.10
2025-08-05 18:30:59 App is up to date.
2025-08-05 18:31:07 Loading updated app package /home/sstf/.config/obsidian/obsidian-1.8.10.asar
2025-08-05 18:31:08 Checking for update using Github
2025-08-05 18:31:08 Success.
2025-08-05 18:31:08 Latest version is 1.8.10
2025-08-05 18:31:08 App is up to date.
2025-08-06 02:50:16 Loading updated app package /home/sstf/.config/obsidian/obsidian-1.8.10.asar
2025-08-06 02:50:17 Checking for update using Github
2025-08-06 02:50:17 Success.
2025-08-06 02:50:17 Latest version is 1.8.10
2025-08-06 02:50:17 App is up to date.
2025-08-06 03:50:16 Checking for update using Github
2025-08-06 03:50:17 Success.
2025-08-06 03:50:17 Latest version is 1.8.10
2025-08-06 03:50:17 App is up to date.
2025-08-06 04:50:16 Checking for update using Github
2025-08-06 04:50:16 Success.
2025-08-06 04:50:16 Latest version is 1.8.10
2025-08-06 04:50:16 App is up to date.
2025-08-06 05:00:56 Loading updated app package /home/sstf/.config/obsidian/obsidian-1.8.10.asar
2025-08-06 05:00:56 Checking for update using Github
2025-08-06 05:00:57 Success.
2025-08-06 05:00:57 Latest version is 1.8.10
2025-08-06 05:00:57 App is up to date.
2025-08-06 14:59:02 Loading updated app package /home/sstf/.config/obsidian/obsidian-1.8.10.asar
2025-08-06 14:59:09 Checking for update using Github
2025-08-06 14:59:12 Success.
2025-08-06 14:59:12 Latest version is 1.8.10
2025-08-06 14:59:12 App is up to date.
2025-08-06 15:59:04 Checking for update using Github
2025-08-06 15:59:09 Success.
2025-08-06 15:59:09 Latest version is 1.8.10
2025-08-06 15:59:09 App is up to date.
2025-08-06 16:59:02 Checking for update using Github
2025-08-06 16:59:03 Success.
2025-08-06 16:59:03 Latest version is 1.8.10
2025-08-06 16:59:03 App is up to date.
2025-08-06 17:59:02 Checking for update using Github
2025-08-06 17:59:02 Success.
2025-08-06 17:59:02 Latest version is 1.8.10
2025-08-06 17:59:02 App is up to date.
